-------------------------------------------------------------------------------
Test set: se.verran.springbootdemowithtests.controllers.StudentControllerTest
-------------------------------------------------------------------------------
Tests run: 2, Failures: 2, Errors: 0, Skipped: 0, Time elapsed: 5.729 s <<< FAILURE! -- in se.verran.springbootdemowithtests.controllers.StudentControllerTest
se.verran.springbootdemowithtests.controllers.StudentControllerTest.addStudentWithConflictingEmailShouldReturnStatusConflict -- Time elapsed: 0.561 s <<< FAILURE!
java.lang.AssertionError: Status expected:<200> but was:<409>
	at org.springframework.test.util.AssertionErrors.fail(AssertionErrors.java:59)
	at org.springframework.test.util.AssertionErrors.assertEquals(AssertionErrors.java:122)
	at org.springframework.test.web.servlet.result.StatusResultMatchers.lambda$matcher$9(StatusResultMatchers.java:637)
	at org.springframework.test.web.servlet.MockMvc$1.andExpect(MockMvc.java:214)
	at se.verran.springbootdemowithtests.controllers.StudentControllerTest.addStudentWithConflictingEmailShouldReturnStatusConflict(StudentControllerTest.java:57)
	at java.base/java.lang.reflect.Method.invoke(Method.java:580)
	at java.base/java.util.ArrayList.forEach(ArrayList.java:1596)
	at java.base/java.util.ArrayList.forEach(ArrayList.java:1596)

se.verran.springbootdemowithtests.controllers.StudentControllerTest.addStudentShouldReturnStatusOK -- Time elapsed: 0.044 s <<< FAILURE!
java.lang.AssertionError: Status expected:<200> but was:<409>
	at org.springframework.test.util.AssertionErrors.fail(AssertionErrors.java:59)
	at org.springframework.test.util.AssertionErrors.assertEquals(AssertionErrors.java:122)
	at org.springframework.test.web.servlet.result.StatusResultMatchers.lambda$matcher$9(StatusResultMatchers.java:637)
	at org.springframework.test.web.servlet.MockMvc$1.andExpect(MockMvc.java:214)
	at se.verran.springbootdemowithtests.controllers.StudentControllerTest.addStudentShouldReturnStatusOK(StudentControllerTest.java:48)
	at java.base/java.lang.reflect.Method.invoke(Method.java:580)
	at java.base/java.util.ArrayList.forEach(ArrayList.java:1596)
	at java.base/java.util.ArrayList.forEach(ArrayList.java:1596)

